listing 1
int sample[10];

listing 2
#include <iostream>
using namespace std;

int main()
{
  int sample[10]; // this reserves 10 integer elements
  int t;

  // load the array
  for(t=0; t<10; ++t) sample[t]=t;

  // display the array
  for(t=0; t<10; ++t) cout << sample[t] << ' ';

  return 0;
}

listing 3
#include <iostream>
#include <cstdlib>
using namespace std;

int main()
{
  int i, min_value, max_value;
  int list[10];

  for(i=0; i<10; i++) list[i] = rand();

  // find minimum value   
  min_value = list[0];
  for(i=1; i<10; i++) 
    if(min_value > list[i]) min_value = list[i];

  cout << "minimum value: " << min_value << '\n';

  // find maximum value
  max_value = list[0];
  for(i=1; i<10; i++) 
    if(max_value < list[i]) max_value = list[i];

  cout << "maximum value: " <<  max_value << '\n';

  return 0;
}

listing 4
int a[10], b[10];

// ...

a = b; // error -- illegal

listing 5
// An incorrect program.  Do Not Execute!

int main()
{
  int crash[10], i;

  for(i=0; i<100; i++) crash[i]=i;

  return 1;
}

listing 6
// Using the bubble sort to order an array.
#include <iostream>
#include <cstdlib>
using namespace std;

int main()
{
  int nums[10];
  int a, b, t;
  int size;

  size = 10; // number of elements to sort

  // give the array some random initial values
  for(t=0; t<size; t++) nums[t] = rand();

  // display original array
  cout << "Original array is: ";
  for(t=0; t<size; t++) cout << nums[t] << ' ';
  cout << '\n';

  // This is the bubble sort.
  for(a=1; a<size; a++)
    for(b=size-1; b>=a; b--) {
      if(nums[b-1] > nums[b]) { // if out of order
        // exchange elements 
        t = nums[b-1];
        nums[b-1] = nums[b];
        nums[b] = t;
      }
    }
  // This is the end of the bubble sort.

  // display sorted array
  cout << "Sorted array is: ";
  for(t=0; t<size; t++) cout << nums[t] << ' ';

  return 0;
}

listing 7
char str[11];

listing 8
// Using cin to read a string from the keyboard.

#include <iostream>
using namespace std;

int main()
{
  char str[80];

  cout << "Enter a string: ";
  cin >> str; // read string from keyboard
  cout << "Here is your string: ";
  cout << str;

  return 0;
}

listing 9
// Using gets() to read a string from the keyboard.

#include <iostream>
#include <cstdio>
using namespace std;

int main()
{
  char str[80];

  cout << "Enter a string: ";
  gets(str); // read a string from the keyboard
  cout << "Here is your string: ";
  cout << str;

  return 0;
}

listing 10
#include <iostream>
#include <cstring>
using namespace std;

int main()
{
  char str[80];

  strcpy(str, "hello");
  cout << str;

  return 0;
}

listing 11
#include <iostream>
#include <cstring>
using namespace std;

int main()
{
  char s1[20], s2[10];

  strcpy(s1, "hello");
  strcpy(s2, " there");
  strcat(s1, s2);
  cout << s1;

  return 0;
}

listing 12
#include <iostream>
#include <cstring>
#include <cstdio>
using namespace std;

bool password();

int main()
{
  if(password()) cout << "Logged on.\n";
  else cout << "Access denied.\n";

  return 0;
}

// Return true if password accepted; false otherwise.
bool password()
{
  char s[80];

  cout << "Enter password: ";
  gets(s);

  if(strcmp(s, "password")) {  // strings differ
    cout << "Invalid password.\n";
    return false;
  }

  // strings compared the same 
  return true;
}

listing 13
#include <iostream>
#include <cstdio>
#include <cstring>
using namespace std;

int main()
{
  char s[80];

  for(;;) {
    cout << "Enter a string: ";
    gets(s);
    if(!strcmp("quit", s)) break;
  }

  return 0;
}

listing 14
#include <iostream>
#include <cstdio>
#include <cstring>
using namespace std;

int main()
{
  char str[80];

  cout << "Enter a string: ";

  gets(str);

  cout << "Length is: " <<  strlen(str);

  return 0;
}

listing 15
// Print a string backwards.
#include <iostream>
#include <cstdio>
#include <cstring>
using namespace std;

int main()
{
  char str[80];
  int i;
 
  cout << "Enter a string: ";
  gets(str);

  for(i=strlen(str)-1; i>=0; i--) cout << str[i];

  return 0;
}

listing 16
#include <iostream>
#include <cstdio>
#include <cstring>
using namespace std;

int main()
{
  char s1[80], s2[80];

  cout << "Enter two strings: ";

  gets(s1); gets(s2);

  cout << "lengths: " << strlen(s1);
  cout << ' ' << strlen(s2) << '\n';

  if(!strcmp(s1, s2)) 
     cout << "The strings are equal\n";
  else cout << "not equal\n";
  
  strcat(s1, s2);
  cout << s1 << '\n';

  strcpy(s1, s2);
  cout << s1 << " and " << s2 << ' ';
  cout << "are now the same\n";

  return 0;
}

listing 17
// Convert a string to uppercase. 
#include <iostream>
#include <cstring>
#include <cctype>
using namespace std;

int main()
{
  char str[80];
  int i;

  strcpy(str, "this is a test");

  for(i=0; str[i]; i++) str[i] = toupper(str[i]);

  cout << str;

  return 0;
}

listing 18
int twod[10][20];

listing 19
#include <iostream>
using namespace std;

int main()
{
  int t,i, num[3][4];

  for(t=0; t<3; ++t) {
    for(i=0; i<4; ++i) {
      num[t][i] = (t*4)+i+1;
      cout << num[t][i] << ' ';
    }
    cout << '\n';
  }

  return 0;
}

listing 20
int multidim[4][10][3];

listing 21
int i[10] = {1, 2, 3, 4, 5, 6, 7, 8, 9, 10};

listing 22
char str[6] = "hello";

listing 23
char str[6] = {'h', 'e', 'l', 'l', 'o', '\0'};

listing 24
int sqrs[10][2] = {
  1, 1,
  2, 4,
  3, 9,
  4, 16,
  5, 25,
  6, 36,
  7, 49,
  8, 64,
  9, 81,
  10, 100
};

listing 25
int sqrs[10][2] = {
  {1, 1},
  {2, 4},
  {3, 9},
  {4, 16},
  {5, 25},
  {6, 36},
  {7, 49},
  {8, 64},
  {9, 81},
  {10, 100}
};

listing 26
#include <iostream>
using namespace std;

int sqrs[10][2] = {
  {1, 1},
  {2, 4},
  {3, 9},
  {4, 16},
  {5, 25},
  {6, 36},
  {7, 49},
  {8, 64},
  {9, 81},
  {10, 100}
};

int main()
{
  int i, j;

  cout << "Enter a number between 1 and 10: ";
  cin >> i;

  // look up i
  for(j=0; j<10; j++) 
    if(sqrs[j][0]==i) break;
  cout << "The square of " << i << " is ";
  cout << sqrs[j][1];

  return 0;
}

listing 27
#include <iostream>
#include <cstring>
using namespace std;

void f1();

int main()
{
  f1(); 
  f1();

  return 0;
}

void f1()
{
  char s[80]="this is a test\n";

  cout << s;
  strcpy(s, "CHANGED\n"); // change s
  cout << s;
}

listing 28
char e1[14] = "Divide by 0\n";
char e2[23] = "End-of-File\n";
char e3[21] = "Access Denied\n";

listing 29
char e1[] = "Divide by 0\n";
char e2[] = "End-of-File\n"; 
char e3[] = "Access Denied\n";

listing 30
int sqrs[][2] = {
  1, 1,
  2, 4,
  3, 9,
  4, 16,
  5, 25,
  6, 36,
  7, 49,
  8, 64,
  9, 81,
  10, 100
};

listing 31
char str_array[30][80];

listing 32
gets(str_array[2]);

listing 33
// Enter and display strings.
#include <iostream>
#include <cstdio>
using namespace std;

int main()
{
  int t, i;
  char text[100][80];

  for(t=0; t<100; t++) {
    cout << t << ": ";
    gets(text[t]);
    if(!text[t][0]) break; // quit on blank line
  }

  // redisplay the strings
  for(i=0; i<t; i++) 
    cout << text[i] << '\n';

  return 0;
}

listing 34
char name[10][80];  // this array holds employee names
char phone[10][20]; // their phone numbers
float hours[10];    // hours worked per week
float wage[10];     // wage

listing 35
// Enter information.
void enter()
{
  int i;
  char temp[80];

  for(i=0; i<10; i++) {
    cout << "Enter last name: ";
    cin >> name[i];
    cout << "Enter phone number: ";
    cin >> phone[i];
    cout << "Enter number of hours worked: ";
    cin >> hours[i];
    cout << "Enter wage: ";
    cin >> wage[i];
  }
}

listing 36
// Display report.
void report()
{
  int i;

  for(i=0; i<10; i++) {
    cout << name[i] << ' ' << phone[i] << '\n';
    cout << "Pay for the week: " << wage[i] * hours[i];
    cout << '\n';
  }
}

listing 37
// A simple employee database program.

#include <iostream>
using namespace std;

char name[10][80];  // this array holds employee names
char phone[10][20]; // their phone numbers
float hours[10];    // hours worked per week
float wage[10];     // wage

int menu();
void enter(), report();

int main()
{
  int choice;

  do {
    choice = menu(); // get selection
    switch(choice) {
      case 0: break;
      case 1: enter();
        break;
      case 2: report();
        break;
      default: cout << "Try again.\n\n";
    }
  } while(choice != 0);

  return 0;
}

// Return a user's selection.
int menu()
{
  int choice;

  cout << "0. Quit\n";
  cout << "1. Enter information\n";
  cout << "2. Report information\n";
  cout << "\nChoose one: ";
  cin >> choice;

  return choice;
}

// Enter information.
void enter()
{
  int i;
  char temp[80];

  for(i=0; i<10; i++) {
    cout << "Enter last name: ";
    cin >> name[i];
    cout << "Enter phone number: ";
    cin >> phone[i];
    cout << "Enter number of hours worked: ";
    cin >> hours[i];
    cout << "Enter wage: ";
    cin >> wage[i];
  }
}

// Display report.
void report()
{
  int i;

  for(i=0; i<10; i++) {
    cout << name[i] << ' ' << phone[i] << '\n';
    cout << "Pay for the week: " << wage[i] * hours[i];
    cout << '\n';
  }
}

