  pch.cpp
  GMPAdd.cpp
  GMPAddDlg.cpp
  코드를 생성하고 있습니다.
  Previous IPDB not found, fall back to full compilation.
  All 190 functions were compiled because no usable IPDB/IOBJ from previous compilation was found.
  코드를 생성했습니다.
  GMPAdd.vcxproj -> D:\Work\[01] GIT\Github xiphos96\[04] C++\[01] 윈도우즈 암호 프로그래밍\Source\[01] GMPAdd\GMPAdd\x64\Release\GMPAdd.exe
  'pwsh.exe'은(는) 내부 또는 외부 명령, 실행할 수 있는 프로그램, 또는
  배치 파일이 아닙니다.
  Set-Content : 'C:\WINDOWS\System32\WindowsPowerShell\v1.0\GMPAdd\x64\Release\vcpkg.applocal.log' 경로의 일부를 찾을 수 
  없습니다.
  위치 D:\Work\Temp\vcpkg\scripts\buildsystems\msbuild\applocal.ps1:12 문자:5
  +     Set-Content -Path $copiedFilesLog -Value "" -Encoding UTF8
  +     ~~~~~~~~~~~~~~~~~~~~~~~~~~~~~~~~~~~~~~~~~~~~~~~~~~~~~~~~~~
      + CategoryInfo          : ObjectNotFound: (C:\WINDOWS\Syst...kg.applocal.log:String) [Set-Content], DirectoryNotFo 
     undException
      + FullyQualifiedErrorId : GetContentWriterDirectoryNotFoundError,Microsoft.PowerShell.Commands.SetContentCommand
   
  Split-Path : 'Path' 매개 변수가 null이므로 인수를 해당 매개 변수에 바인딩할 수 없습니다.
  위치 D:\Work\Temp\vcpkg\scripts\buildsystems\msbuild\applocal.ps1:76 문자:39
  +     $baseTargetBinaryDir = Split-Path $baseBinaryPath -parent
  +                                       ~~~~~~~~~~~~~~~
      + CategoryInfo          : InvalidData: (:) [Split-Path], ParameterBindingValidationException
      + FullyQualifiedErrorId : ParameterArgumentValidationErrorNullNotAllowed,Microsoft.PowerShell.Commands.SplitPathCo 
     mmand
   
  Split-Path : 'Path' 매개 변수가 null이므로 인수를 해당 매개 변수에 바인딩할 수 없습니다.
  위치 D:\Work\Temp\vcpkg\scripts\buildsystems\msbuild\applocal.ps1:94 문자:35
  +     $targetBinaryDir = Split-Path $targetBinaryPath -parent
  +                                   ~~~~~~~~~~~~~~~~~
      + CategoryInfo          : InvalidData: (:) [Split-Path], ParameterBindingValidationException
      + FullyQualifiedErrorId : ParameterArgumentValidationErrorNullNotAllowed,Microsoft.PowerShell.Commands.SplitPathCo 
     mmand
   
