D:\COMPUTING\AVX\SOURCE\실수형\명령어셋\VPADDW\DEBUG\VPADDW.EXE
D:\COMPUTING\AVX\SOURCE\실수형\명령어셋\VPADDW\DEBUG\VPADDW.ILK
D:\COMPUTING\AVX\SOURCE\실수형\명령어셋\VPADDW\DEBUG\VPADDW.PDB
D:\Computing\AVX\source\실수형\명령어셋\vpaddw\vpaddw\Debug\cl.command.1.tlog
D:\Computing\AVX\source\실수형\명령어셋\vpaddw\vpaddw\Debug\CL.read.1.tlog
D:\Computing\AVX\source\실수형\명령어셋\vpaddw\vpaddw\Debug\CL.write.1.tlog
D:\Computing\AVX\source\실수형\명령어셋\vpaddw\vpaddw\Debug\link.5428.read.1.tlog
D:\Computing\AVX\source\실수형\명령어셋\vpaddw\vpaddw\Debug\link.5428.write.1.tlog
D:\Computing\AVX\source\실수형\명령어셋\vpaddw\vpaddw\Debug\link.5428-cvtres.read.1.tlog
D:\Computing\AVX\source\실수형\명령어셋\vpaddw\vpaddw\Debug\link.5428-cvtres.write.1.tlog
D:\Computing\AVX\source\실수형\명령어셋\vpaddw\vpaddw\Debug\link.command.1.tlog
D:\Computing\AVX\source\실수형\명령어셋\vpaddw\vpaddw\Debug\link.read.1.tlog
D:\Computing\AVX\source\실수형\명령어셋\vpaddw\vpaddw\Debug\link.write.1.tlog
D:\Computing\AVX\source\실수형\명령어셋\vpaddw\vpaddw\Debug\link-cvtres.read.1.tlog
D:\Computing\AVX\source\실수형\명령어셋\vpaddw\vpaddw\Debug\link-cvtres.write.1.tlog
D:\Computing\AVX\source\실수형\명령어셋\vpaddw\vpaddw\Debug\mt.command.1.tlog
D:\Computing\AVX\source\실수형\명령어셋\vpaddw\vpaddw\Debug\mt.read.1.tlog
D:\Computing\AVX\source\실수형\명령어셋\vpaddw\vpaddw\Debug\mt.write.1.tlog
D:\Computing\AVX\source\실수형\명령어셋\vpaddw\vpaddw\Debug\rc.command.1.tlog
D:\Computing\AVX\source\실수형\명령어셋\vpaddw\vpaddw\Debug\rc.read.1.tlog
D:\Computing\AVX\source\실수형\명령어셋\vpaddw\vpaddw\Debug\rc.write.1.tlog
D:\COMPUTING\AVX\SOURCE\실수형\명령어셋\VPADDW\VPADDW\DEBUG\STDAFX.OBJ
D:\Computing\AVX\source\실수형\명령어셋\vpaddw\vpaddw\Debug\vc100.idb
D:\COMPUTING\AVX\SOURCE\실수형\명령어셋\VPADDW\VPADDW\DEBUG\VC100.PDB
D:\COMPUTING\AVX\SOURCE\실수형\명령어셋\VPADDW\VPADDW\DEBUG\VPADDW.EXE.EMBED.MANIFEST
D:\COMPUTING\AVX\SOURCE\실수형\명령어셋\VPADDW\VPADDW\DEBUG\VPADDW.EXE.EMBED.MANIFEST.RES
D:\COMPUTING\AVX\SOURCE\실수형\명령어셋\VPADDW\VPADDW\DEBUG\VPADDW.EXE.INTERMEDIATE.MANIFEST
D:\COMPUTING\AVX\SOURCE\실수형\명령어셋\VPADDW\VPADDW\DEBUG\VPADDW.OBJ
D:\COMPUTING\AVX\SOURCE\실수형\명령어셋\VPADDW\VPADDW\DEBUG\VPADDW.PCH
D:\Computing\AVX\source\실수형\명령어셋\vpaddw\vpaddw\Debug\vpaddw_manifest.rc
