빌드 시작: 2011-11-09 오후 3:02:51
     1>2 노드의 "D:\Computing\AVX\source\실수형\intrinsic\LoadStorePD\LoadStorePD\LoadStorePD.vcxproj" 프로젝트(build 대상)입니다.
     1>PrepareForBuild:
         "D:\Computing\AVX\source\실수형\intrinsic\LoadStorePD\Debug\" 디렉터리를 만들고 있습니다.
       InitializeBuildStatus:
         "AlwaysCreate"이(가) 지정되었기 때문에 "Debug\LoadStorePD.unsuccessfulbuild"을(를) 만들고 있습니다.
       ClCompile:
         C:\Program Files (x86)\Microsoft Visual Studio 10.0\VC\bin\CL.exe /c /ZI /nologo /W3 /WX- /Od /Oy- /D WIN32 /D _DEBUG /D _CONSOLE /D _UNICODE /D UNICODE /Gm /EHsc /RTC1 /MDd /GS /fp:precise /Zc:wchar_t /Zc:forScope /Yc"StdAfx.h" /Fp"Debug\LoadStorePD.pch" /Fo"Debug\\" /Fd"Debug\vc100.pdb" /Gd /TP /analyze- /errorReport:prompt stdafx.cpp
         stdafx.cpp
         C:\Program Files (x86)\Microsoft Visual Studio 10.0\VC\bin\CL.exe /c /ZI /nologo /W3 /WX- /Od /Oy- /D WIN32 /D _DEBUG /D _CONSOLE /D _UNICODE /D UNICODE /Gm /EHsc /RTC1 /MDd /GS /fp:precise /Zc:wchar_t /Zc:forScope /Yu"StdAfx.h" /Fp"Debug\LoadStorePD.pch" /Fo"Debug\\" /Fd"Debug\vc100.pdb" /Gd /TP /analyze- /errorReport:prompt LoadStorePD.cpp
         LoadStorePD.cpp
       ManifestResourceCompile:
         C:\Program Files (x86)\Microsoft SDKs\Windows\v7.0A\bin\rc.exe /nologo /fo"Debug\LoadStorePD.exe.embed.manifest.res" Debug\LoadStorePD_manifest.rc 
       Link:
         C:\Program Files (x86)\Microsoft Visual Studio 10.0\VC\bin\link.exe /ERRORREPORT:PROMPT /OUT:"D:\Computing\AVX\source\실수형\intrinsic\LoadStorePD\Debug\LoadStorePD.exe" /INCREMENTAL /NOLOGO kernel32.lib user32.lib gdi32.lib winspool.lib comdlg32.lib advapi32.lib shell32.lib ole32.lib oleaut32.lib uuid.lib odbc32.lib odbccp32.lib /MANIFEST /ManifestFile:"Debug\LoadStorePD.exe.intermediate.manifest" /MANIFESTUAC:"level='asInvoker' uiAccess='false'" /DEBUG /PDB:"D:\Computing\AVX\source\실수형\intrinsic\LoadStorePD\Debug\LoadStorePD.pdb" /SUBSYSTEM:CONSOLE /TLBID:1 /DYNAMICBASE /NXCOMPAT /IMPLIB:"D:\Computing\AVX\source\실수형\intrinsic\LoadStorePD\Debug\LoadStorePD.lib" /MACHINE:X86 Debug\LoadStorePD.exe.embed.manifest.res
         Debug\LoadStorePD.obj
         Debug\stdafx.obj
       Manifest:
         C:\Program Files (x86)\Microsoft SDKs\Windows\v7.0A\bin\mt.exe /nologo /verbose /out:"Debug\LoadStorePD.exe.embed.manifest" /manifest Debug\LoadStorePD.exe.intermediate.manifest
         C:\Program Files (x86)\Microsoft SDKs\Windows\v7.0A\bin\rc.exe /nologo /fo"Debug\LoadStorePD.exe.embed.manifest.res" Debug\LoadStorePD_manifest.rc 
       LinkEmbedManifest:
         C:\Program Files (x86)\Microsoft Visual Studio 10.0\VC\bin\link.exe /ERRORREPORT:PROMPT /OUT:"D:\Computing\AVX\source\실수형\intrinsic\LoadStorePD\Debug\LoadStorePD.exe" /INCREMENTAL /NOLOGO kernel32.lib user32.lib gdi32.lib winspool.lib comdlg32.lib advapi32.lib shell32.lib ole32.lib oleaut32.lib uuid.lib odbc32.lib odbccp32.lib /MANIFEST /ManifestFile:"Debug\LoadStorePD.exe.intermediate.manifest" /MANIFESTUAC:"level='asInvoker' uiAccess='false'" /DEBUG /PDB:"D:\Computing\AVX\source\실수형\intrinsic\LoadStorePD\Debug\LoadStorePD.pdb" /SUBSYSTEM:CONSOLE /TLBID:1 /DYNAMICBASE /NXCOMPAT /IMPLIB:"D:\Computing\AVX\source\실수형\intrinsic\LoadStorePD\Debug\LoadStorePD.lib" /MACHINE:X86 Debug\LoadStorePD.exe.embed.manifest.res
         Debug\LoadStorePD.obj
         Debug\stdafx.obj
         LoadStorePD.vcxproj -> D:\Computing\AVX\source\실수형\intrinsic\LoadStorePD\Debug\LoadStorePD.exe
       FinalizeBuildStatus:
         "Debug\LoadStorePD.unsuccessfulbuild" 파일을 삭제하고 있습니다.
         "Debug\LoadStorePD.lastbuildstate"에 연결(touching)하고 있습니다.
     1>"D:\Computing\AVX\source\실수형\intrinsic\LoadStorePD\LoadStorePD\LoadStorePD.vcxproj" 프로젝트를 빌드했습니다(build 대상).

빌드했습니다.

경과 시간: 00:00:01.65
