빌드 시작: 2011-11-29 오전 11:10:15
     1>2 노드의 "D:\Computing\AVX\source\실수형\명령어셋\vandps\vandps\vandps.vcxproj" 프로젝트(build 대상)입니다.
     1>InitializeBuildStatus:
         "AlwaysCreate"이(가) 지정되었기 때문에 "Debug\vandps.unsuccessfulbuild"을(를) 만들고 있습니다.
       ClCompile:
         C:\Program Files (x86)\Microsoft Visual Studio 10.0\VC\bin\CL.exe /c /ZI /nologo /W3 /WX- /Od /Oy- /D WIN32 /D _DEBUG /D _CONSOLE /D _UNICODE /D UNICODE /Gm /EHsc /RTC1 /MDd /GS /fp:precise /Zc:wchar_t /Zc:forScope /Yc"StdAfx.h" /Fp"Debug\vandps.pch" /Fo"Debug\\" /Fd"Debug\vc100.pdb" /Gd /TP /analyze- /errorReport:prompt stdafx.cpp
         stdafx.cpp
         C:\Program Files (x86)\Microsoft Visual Studio 10.0\VC\bin\CL.exe /c /ZI /nologo /W3 /WX- /Od /Oy- /D WIN32 /D _DEBUG /D _CONSOLE /D _UNICODE /D UNICODE /Gm /EHsc /RTC1 /MDd /GS /fp:precise /Zc:wchar_t /Zc:forScope /Yu"StdAfx.h" /Fp"Debug\vandps.pch" /Fo"Debug\\" /Fd"Debug\vc100.pdb" /Gd /TP /analyze- /errorReport:prompt vandps.cpp
         vandps.cpp
     1>d:\computing\avx\source\실수형\명령어셋\vandps\vandps\vandps.cpp(50): warning C4752: 인라인 ASM 내에서 Intel(R) Advanced Vector Extensions를 찾았습니다. 대신 /arch:AVX를 사용하십시오.
       ManifestResourceCompile:
         C:\Program Files (x86)\Microsoft SDKs\Windows\v7.0A\bin\rc.exe /nologo /fo"Debug\vandps.exe.embed.manifest.res" Debug\vandps_manifest.rc 
       Link:
         C:\Program Files (x86)\Microsoft Visual Studio 10.0\VC\bin\link.exe /ERRORREPORT:PROMPT /OUT:"D:\Computing\AVX\source\실수형\명령어셋\vandps\Debug\vandps.exe" /INCREMENTAL /NOLOGO kernel32.lib user32.lib gdi32.lib winspool.lib comdlg32.lib advapi32.lib shell32.lib ole32.lib oleaut32.lib uuid.lib odbc32.lib odbccp32.lib /MANIFEST /ManifestFile:"Debug\vandps.exe.intermediate.manifest" /MANIFESTUAC:"level='asInvoker' uiAccess='false'" /DEBUG /PDB:"D:\Computing\AVX\source\실수형\명령어셋\vandps\Debug\vandps.pdb" /SUBSYSTEM:CONSOLE /TLBID:1 /DYNAMICBASE /NXCOMPAT /IMPLIB:"D:\Computing\AVX\source\실수형\명령어셋\vandps\Debug\vandps.lib" /MACHINE:X86 Debug\vandps.exe.embed.manifest.res
         Debug\stdafx.obj
         Debug\vandps.obj
       Manifest:
         C:\Program Files (x86)\Microsoft SDKs\Windows\v7.0A\bin\mt.exe /nologo /verbose /out:"Debug\vandps.exe.embed.manifest" /manifest Debug\vandps.exe.intermediate.manifest
         모든 출력이 최신 상태입니다.
       LinkEmbedManifest:
         모든 출력이 최신 상태입니다.
         vandps.vcxproj -> D:\Computing\AVX\source\실수형\명령어셋\vandps\Debug\vandps.exe
       FinalizeBuildStatus:
         "Debug\vandps.unsuccessfulbuild" 파일을 삭제하고 있습니다.
         "Debug\vandps.lastbuildstate"에 연결(touching)하고 있습니다.
     1>"D:\Computing\AVX\source\실수형\명령어셋\vandps\vandps\vandps.vcxproj" 프로젝트를 빌드했습니다(build 대상).

빌드했습니다.

경과 시간: 00:00:01.62
